0 info it worked if it ends with ok
1 verbose cli [ '/usr/local/Cellar/node/7.4.0/bin/node',
1 verbose cli   '/usr/local/bin/npm',
1 verbose cli   'run',
1 verbose cli   'build' ]
2 info using npm@4.1.2
3 info using node@v7.4.0
4 verbose run-script [ 'prebuild', 'build', 'postbuild' ]
5 info lifecycle ts-inversify-lib@1.0.0~prebuild: ts-inversify-lib@1.0.0
6 silly lifecycle ts-inversify-lib@1.0.0~prebuild: no script for prebuild, continuing
7 info lifecycle ts-inversify-lib@1.0.0~build: ts-inversify-lib@1.0.0
8 verbose lifecycle ts-inversify-lib@1.0.0~build: unsafe-perm in lifecycle true
9 verbose lifecycle ts-inversify-lib@1.0.0~build: PATH: /usr/local/lib/node_modules/npm/bin/node-gyp-bin:/myfolder/work/projects/git/ts-inversify-lib/node_modules/.bin:/Users/pavan/Downloads/google-cloud-sdk/bin:/usr/local/bin:/myfolder/work/scripts:/usr/local/bin:/usr/bin:/bin:/usr/sbin:/sbin:/usr/local/go/bin:/usr/local/share/dotnet:~/.dotnet/tools:/Library/Frameworks/Mono.framework/Versions/Current/Commands:/Users/pavan/bin
10 verbose lifecycle ts-inversify-lib@1.0.0~build: CWD: /myfolder/work/projects/git/ts-inversify-lib
11 silly lifecycle ts-inversify-lib@1.0.0~build: Args: [ '-c', 'webpack' ]
12 silly lifecycle ts-inversify-lib@1.0.0~build: Returned: code: 2  signal: null
13 info lifecycle ts-inversify-lib@1.0.0~build: Failed to exec build script
14 verbose stack Error: ts-inversify-lib@1.0.0 build: `webpack`
14 verbose stack Exit status 2
14 verbose stack     at EventEmitter.<anonymous> (/usr/local/lib/node_modules/npm/lib/utils/lifecycle.js:279:16)
14 verbose stack     at emitTwo (events.js:106:13)
14 verbose stack     at EventEmitter.emit (events.js:191:7)
14 verbose stack     at ChildProcess.<anonymous> (/usr/local/lib/node_modules/npm/lib/utils/spawn.js:40:14)
14 verbose stack     at emitTwo (events.js:106:13)
14 verbose stack     at ChildProcess.emit (events.js:191:7)
14 verbose stack     at maybeClose (internal/child_process.js:885:16)
14 verbose stack     at Process.ChildProcess._handle.onexit (internal/child_process.js:226:5)
15 verbose pkgid ts-inversify-lib@1.0.0
16 verbose cwd /myfolder/work/projects/git/ts-inversify-lib
17 error Darwin 18.5.0
18 error argv "/usr/local/Cellar/node/7.4.0/bin/node" "/usr/local/bin/npm" "run" "build"
19 error node v7.4.0
20 error npm  v4.1.2
21 error code ELIFECYCLE
22 error ts-inversify-lib@1.0.0 build: `webpack`
22 error Exit status 2
23 error Failed at the ts-inversify-lib@1.0.0 build script 'webpack'.
23 error Make sure you have the latest version of node.js and npm installed.
23 error If you do, this is most likely a problem with the ts-inversify-lib package,
23 error not with npm itself.
23 error Tell the author that this fails on your system:
23 error     webpack
23 error You can get information on how to open an issue for this project with:
23 error     npm bugs ts-inversify-lib
23 error Or if that isn't available, you can get their info via:
23 error     npm owner ls ts-inversify-lib
23 error There is likely additional logging output above.
24 verbose exit [ 1, true ]
